<?xml version="1.0" encoding="UTF-8"?>
<testsuite name="org.example.service.org.example.integration.UnlockControllerWireMockIntegrationTest" tests="5" skipped="0" failures="5" errors="0" timestamp="2025-06-21T11:49:56.544Z" hostname="DESKTOP-MNGQN6P" time="0.954">
  <properties/>
  <testcase name="unlockClient_shouldReturnOk_whenExternalServiceRespondsSuccessfully()" classname="org.example.service.org.example.integration.UnlockControllerWireMockIntegrationTest" time="0.908">
    <failure message="com.github.tomakehurst.wiremock.client.VerificationException: Expected at least one request matching: {&#13;&#10;  &quot;url&quot; : &quot;/unlock/client/5aa6f0c8-58db-43cf-baa9-d257eb8822b2&quot;,&#13;&#10;  &quot;method&quot; : &quot;PUT&quot;&#13;&#10;}&#10;Requests received: [ ]" type="com.github.tomakehurst.wiremock.client.VerificationException">com.github.tomakehurst.wiremock.client.VerificationException: Expected at least one request matching: {
  &quot;url&quot; : &quot;/unlock/client/5aa6f0c8-58db-43cf-baa9-d257eb8822b2&quot;,
  &quot;method&quot; : &quot;PUT&quot;
}
Requests received: [ ]
	at app//com.github.tomakehurst.wiremock.client.WireMock.verificationExceptionForNearMisses(WireMock.java:746)
	at app//com.github.tomakehurst.wiremock.client.WireMock.verifyThat(WireMock.java:733)
	at app//com.github.tomakehurst.wiremock.client.WireMock.verifyThat(WireMock.java:709)
	at app//com.github.tomakehurst.wiremock.WireMockServer.verify(WireMockServer.java:288)
	at app//com.github.tomakehurst.wiremock.junit.DslWrapper.verify(DslWrapper.java:301)
	at app//org.example.service.org.example.integration.UnlockControllerWireMockIntegrationTest.unlockClient_shouldReturnOk_whenExternalServiceRespondsSuccessfully(UnlockControllerWireMockIntegrationTest.java:60)
	at java.base@21.0.5/java.lang.reflect.Method.invoke(Method.java:580)
	at java.base@21.0.5/java.util.ArrayList.forEach(ArrayList.java:1596)
	at java.base@21.0.5/java.util.ArrayList.forEach(ArrayList.java:1596)
</failure>
  </testcase>
  <testcase name="unlockClient_shouldReturnBadRequest_whenInvalidUUID()" classname="org.example.service.org.example.integration.UnlockControllerWireMockIntegrationTest" time="0.012">
    <failure message="jakarta.servlet.ServletException: Request processing failed: java.lang.IllegalArgumentException: Invalid UUID string: invalid-uuid" type="jakarta.servlet.ServletException">jakarta.servlet.ServletException: Request processing failed: java.lang.IllegalArgumentException: Invalid UUID string: invalid-uuid
	at app//org.springframework.web.servlet.FrameworkServlet.processRequest(FrameworkServlet.java:1022)
	at app//org.springframework.web.servlet.FrameworkServlet.doPut(FrameworkServlet.java:925)
	at app//jakarta.servlet.http.HttpServlet.service(HttpServlet.java:593)
	at app//org.springframework.web.servlet.FrameworkServlet.service(FrameworkServlet.java:885)
	at app//org.springframework.test.web.servlet.TestDispatcherServlet.service(TestDispatcherServlet.java:72)
	at app//jakarta.servlet.http.HttpServlet.service(HttpServlet.java:658)
	at app//org.springframework.mock.web.MockFilterChain$ServletFilterProxy.doFilter(MockFilterChain.java:165)
	at app//org.springframework.mock.web.MockFilterChain.doFilter(MockFilterChain.java:132)
	at app//org.springframework.web.filter.RequestContextFilter.doFilterInternal(RequestContextFilter.java:100)
	at app//org.springframework.web.filter.OncePerRequestFilter.doFilter(OncePerRequestFilter.java:116)
	at app//org.springframework.test.web.servlet.setup.MockMvcFilterDecorator.doFilter(MockMvcFilterDecorator.java:162)
	at app//org.springframework.mock.web.MockFilterChain.doFilter(MockFilterChain.java:132)
	at app//org.springframework.web.filter.FormContentFilter.doFilterInternal(FormContentFilter.java:93)
	at app//org.springframework.web.filter.OncePerRequestFilter.doFilter(OncePerRequestFilter.java:116)
	at app//org.springframework.test.web.servlet.setup.MockMvcFilterDecorator.doFilter(MockMvcFilterDecorator.java:162)
	at app//org.springframework.mock.web.MockFilterChain.doFilter(MockFilterChain.java:132)
	at app//org.springframework.web.filter.CharacterEncodingFilter.doFilterInternal(CharacterEncodingFilter.java:201)
	at app//org.springframework.web.filter.OncePerRequestFilter.doFilter(OncePerRequestFilter.java:116)
	at app//org.springframework.test.web.servlet.setup.MockMvcFilterDecorator.doFilter(MockMvcFilterDecorator.java:162)
	at app//org.springframework.mock.web.MockFilterChain.doFilter(MockFilterChain.java:132)
	at app//org.springframework.test.web.servlet.MockMvc.perform(MockMvc.java:201)
	at app//org.example.service.org.example.integration.UnlockControllerWireMockIntegrationTest.unlockClient_shouldReturnBadRequest_whenInvalidUUID(UnlockControllerWireMockIntegrationTest.java:83)
	at java.base@21.0.5/java.lang.reflect.Method.invoke(Method.java:580)
	at java.base@21.0.5/java.util.ArrayList.forEach(ArrayList.java:1596)
	at java.base@21.0.5/java.util.ArrayList.forEach(ArrayList.java:1596)
Caused by: java.lang.IllegalArgumentException: Invalid UUID string: invalid-uuid
	at java.base/java.util.UUID.fromString1(UUID.java:282)
	at java.base/java.util.UUID.fromString(UUID.java:260)
	at org.example.controller.UnlockController.unlockClient(UnlockController.java:23)
	at java.base/jdk.internal.reflect.DirectMethodHandleAccessor.invoke(DirectMethodHandleAccessor.java:103)
	at java.base/java.lang.reflect.Method.invoke(Method.java:580)
	at org.springframework.web.method.support.InvocableHandlerMethod.doInvoke(InvocableHandlerMethod.java:258)
	at org.springframework.web.method.support.InvocableHandlerMethod.invokeForRequest(InvocableHandlerMethod.java:191)
	at org.springframework.web.servlet.mvc.method.annotation.ServletInvocableHandlerMethod.invokeAndHandle(ServletInvocableHandlerMethod.java:118)
	at org.springframework.web.servlet.mvc.method.annotation.RequestMappingHandlerAdapter.invokeHandlerMethod(RequestMappingHandlerAdapter.java:986)
	at org.springframework.web.servlet.mvc.method.annotation.RequestMappingHandlerAdapter.handleInternal(RequestMappingHandlerAdapter.java:891)
	at org.springframework.web.servlet.mvc.method.AbstractHandlerMethodAdapter.handle(AbstractHandlerMethodAdapter.java:87)
	at org.springframework.web.servlet.DispatcherServlet.doDispatch(DispatcherServlet.java:1089)
	at org.springframework.web.servlet.DispatcherServlet.doService(DispatcherServlet.java:979)
	at org.springframework.web.servlet.FrameworkServlet.processRequest(FrameworkServlet.java:1014)
	... 24 more
</failure>
  </testcase>
  <testcase name="unlockAccount_shouldReturnOk_whenExternalServiceRespondsSuccessfully()" classname="org.example.service.org.example.integration.UnlockControllerWireMockIntegrationTest" time="0.009">
    <failure message="com.github.tomakehurst.wiremock.client.VerificationException: Expected at least one request matching: {&#13;&#10;  &quot;url&quot; : &quot;/unlock/account/fc6a9b30-e4f7-4bc7-8ca0-8afbb8591f9e&quot;,&#13;&#10;  &quot;method&quot; : &quot;PUT&quot;&#13;&#10;}&#10;Requests received: [ ]" type="com.github.tomakehurst.wiremock.client.VerificationException">com.github.tomakehurst.wiremock.client.VerificationException: Expected at least one request matching: {
  &quot;url&quot; : &quot;/unlock/account/fc6a9b30-e4f7-4bc7-8ca0-8afbb8591f9e&quot;,
  &quot;method&quot; : &quot;PUT&quot;
}
Requests received: [ ]
	at app//com.github.tomakehurst.wiremock.client.WireMock.verificationExceptionForNearMisses(WireMock.java:746)
	at app//com.github.tomakehurst.wiremock.client.WireMock.verifyThat(WireMock.java:733)
	at app//com.github.tomakehurst.wiremock.client.WireMock.verifyThat(WireMock.java:709)
	at app//com.github.tomakehurst.wiremock.WireMockServer.verify(WireMockServer.java:288)
	at app//com.github.tomakehurst.wiremock.junit.DslWrapper.verify(DslWrapper.java:301)
	at app//org.example.service.org.example.integration.UnlockControllerWireMockIntegrationTest.unlockAccount_shouldReturnOk_whenExternalServiceRespondsSuccessfully(UnlockControllerWireMockIntegrationTest.java:76)
	at java.base@21.0.5/java.lang.reflect.Method.invoke(Method.java:580)
	at java.base@21.0.5/java.util.ArrayList.forEach(ArrayList.java:1596)
	at java.base@21.0.5/java.util.ArrayList.forEach(ArrayList.java:1596)
</failure>
  </testcase>
  <testcase name="unlockAccount_shouldReturnBadRequest_whenInvalidUUID()" classname="org.example.service.org.example.integration.UnlockControllerWireMockIntegrationTest" time="0.008">
    <failure message="jakarta.servlet.ServletException: Request processing failed: java.lang.IllegalArgumentException: Invalid UUID string: invalid-uuid" type="jakarta.servlet.ServletException">jakarta.servlet.ServletException: Request processing failed: java.lang.IllegalArgumentException: Invalid UUID string: invalid-uuid
	at app//org.springframework.web.servlet.FrameworkServlet.processRequest(FrameworkServlet.java:1022)
	at app//org.springframework.web.servlet.FrameworkServlet.doPut(FrameworkServlet.java:925)
	at app//jakarta.servlet.http.HttpServlet.service(HttpServlet.java:593)
	at app//org.springframework.web.servlet.FrameworkServlet.service(FrameworkServlet.java:885)
	at app//org.springframework.test.web.servlet.TestDispatcherServlet.service(TestDispatcherServlet.java:72)
	at app//jakarta.servlet.http.HttpServlet.service(HttpServlet.java:658)
	at app//org.springframework.mock.web.MockFilterChain$ServletFilterProxy.doFilter(MockFilterChain.java:165)
	at app//org.springframework.mock.web.MockFilterChain.doFilter(MockFilterChain.java:132)
	at app//org.springframework.web.filter.RequestContextFilter.doFilterInternal(RequestContextFilter.java:100)
	at app//org.springframework.web.filter.OncePerRequestFilter.doFilter(OncePerRequestFilter.java:116)
	at app//org.springframework.test.web.servlet.setup.MockMvcFilterDecorator.doFilter(MockMvcFilterDecorator.java:162)
	at app//org.springframework.mock.web.MockFilterChain.doFilter(MockFilterChain.java:132)
	at app//org.springframework.web.filter.FormContentFilter.doFilterInternal(FormContentFilter.java:93)
	at app//org.springframework.web.filter.OncePerRequestFilter.doFilter(OncePerRequestFilter.java:116)
	at app//org.springframework.test.web.servlet.setup.MockMvcFilterDecorator.doFilter(MockMvcFilterDecorator.java:162)
	at app//org.springframework.mock.web.MockFilterChain.doFilter(MockFilterChain.java:132)
	at app//org.springframework.web.filter.CharacterEncodingFilter.doFilterInternal(CharacterEncodingFilter.java:201)
	at app//org.springframework.web.filter.OncePerRequestFilter.doFilter(OncePerRequestFilter.java:116)
	at app//org.springframework.test.web.servlet.setup.MockMvcFilterDecorator.doFilter(MockMvcFilterDecorator.java:162)
	at app//org.springframework.mock.web.MockFilterChain.doFilter(MockFilterChain.java:132)
	at app//org.springframework.test.web.servlet.MockMvc.perform(MockMvc.java:201)
	at app//org.example.service.org.example.integration.UnlockControllerWireMockIntegrationTest.unlockAccount_shouldReturnBadRequest_whenInvalidUUID(UnlockControllerWireMockIntegrationTest.java:91)
	at java.base@21.0.5/java.lang.reflect.Method.invoke(Method.java:580)
	at java.base@21.0.5/java.util.ArrayList.forEach(ArrayList.java:1596)
	at java.base@21.0.5/java.util.ArrayList.forEach(ArrayList.java:1596)
Caused by: java.lang.IllegalArgumentException: Invalid UUID string: invalid-uuid
	at java.base/java.util.UUID.fromString1(UUID.java:282)
	at java.base/java.util.UUID.fromString(UUID.java:260)
	at org.example.controller.UnlockController.unlockAccount(UnlockController.java:29)
	at java.base/jdk.internal.reflect.DirectMethodHandleAccessor.invoke(DirectMethodHandleAccessor.java:103)
	at java.base/java.lang.reflect.Method.invoke(Method.java:580)
	at org.springframework.web.method.support.InvocableHandlerMethod.doInvoke(InvocableHandlerMethod.java:258)
	at org.springframework.web.method.support.InvocableHandlerMethod.invokeForRequest(InvocableHandlerMethod.java:191)
	at org.springframework.web.servlet.mvc.method.annotation.ServletInvocableHandlerMethod.invokeAndHandle(ServletInvocableHandlerMethod.java:118)
	at org.springframework.web.servlet.mvc.method.annotation.RequestMappingHandlerAdapter.invokeHandlerMethod(RequestMappingHandlerAdapter.java:986)
	at org.springframework.web.servlet.mvc.method.annotation.RequestMappingHandlerAdapter.handleInternal(RequestMappingHandlerAdapter.java:891)
	at org.springframework.web.servlet.mvc.method.AbstractHandlerMethodAdapter.handle(AbstractHandlerMethodAdapter.java:87)
	at org.springframework.web.servlet.DispatcherServlet.doDispatch(DispatcherServlet.java:1089)
	at org.springframework.web.servlet.DispatcherServlet.doService(DispatcherServlet.java:979)
	at org.springframework.web.servlet.FrameworkServlet.processRequest(FrameworkServlet.java:1014)
	... 24 more
</failure>
  </testcase>
  <testcase name="unlockClient_shouldReturnOkEvenIfExternalServiceFails()" classname="org.example.service.org.example.integration.UnlockControllerWireMockIntegrationTest" time="0.011">
    <failure message="com.github.tomakehurst.wiremock.client.VerificationException: Expected at least one request matching: {&#13;&#10;  &quot;url&quot; : &quot;/unlock/client/defd4ef0-5266-402f-8bf4-040b123d3775&quot;,&#13;&#10;  &quot;method&quot; : &quot;PUT&quot;&#13;&#10;}&#10;Requests received: [ ]" type="com.github.tomakehurst.wiremock.client.VerificationException">com.github.tomakehurst.wiremock.client.VerificationException: Expected at least one request matching: {
  &quot;url&quot; : &quot;/unlock/client/defd4ef0-5266-402f-8bf4-040b123d3775&quot;,
  &quot;method&quot; : &quot;PUT&quot;
}
Requests received: [ ]
	at app//com.github.tomakehurst.wiremock.client.WireMock.verificationExceptionForNearMisses(WireMock.java:746)
	at app//com.github.tomakehurst.wiremock.client.WireMock.verifyThat(WireMock.java:733)
	at app//com.github.tomakehurst.wiremock.client.WireMock.verifyThat(WireMock.java:709)
	at app//com.github.tomakehurst.wiremock.WireMockServer.verify(WireMockServer.java:288)
	at app//com.github.tomakehurst.wiremock.junit.DslWrapper.verify(DslWrapper.java:301)
	at app//org.example.service.org.example.integration.UnlockControllerWireMockIntegrationTest.unlockClient_shouldReturnOkEvenIfExternalServiceFails(UnlockControllerWireMockIntegrationTest.java:107)
	at java.base@21.0.5/java.lang.reflect.Method.invoke(Method.java:580)
	at java.base@21.0.5/java.util.ArrayList.forEach(ArrayList.java:1596)
	at java.base@21.0.5/java.util.ArrayList.forEach(ArrayList.java:1596)
</failure>
  </testcase>
  <system-out><![CDATA[14:49:54.106 [Test worker] INFO org.springframework.test.context.support.AnnotationConfigContextLoaderUtils -- Could not detect default configuration classes for test class [org.example.service.org.example.integration.UnlockControllerWireMockIntegrationTest]: UnlockControllerWireMockIntegrationTest does not declare any static, non-private, non-final, nested classes annotated with @Configuration.
14:49:54.244 [Test worker] INFO org.springframework.boot.test.context.SpringBootTestContextBootstrapper -- Found @SpringBootConfiguration org.example.UnblockingApplication for test class org.example.service.org.example.integration.UnlockControllerWireMockIntegrationTest

  .   ____          _            __ _ _
 /\\ / ___'_ __ _ _(_)_ __  __ _ \ \ \ \
( ( )\___ | '_ | '_| | '_ \/ _` | \ \ \ \
 \\/  ___)| |_)| | | | | || (_| |  ) ) ) )
  '  |____| .__|_| |_|_| |_\__, | / / / /
 =========|_|==============|___/=/_/_/_/

 :: Spring Boot ::                (v3.4.5)

2025-06-21T14:49:55.246+03:00  INFO 8608 --- [    Test worker] .UnlockControllerWireMockIntegrationTest : Starting UnlockControllerWireMockIntegrationTest using Java 21.0.5 with PID 8608 (started by User in D:\Leva\IT\T1\OpenSchool_2025\task1\Task1_OpenSchool_T1_2025\unblocking-service)
2025-06-21T14:49:55.246+03:00  INFO 8608 --- [    Test worker] .UnlockControllerWireMockIntegrationTest : The following 1 profile is active: "test"
2025-06-21T14:49:56.478+03:00  INFO 8608 --- [    Test worker] o.s.b.t.m.w.SpringBootMockServletContext : Initializing Spring TestDispatcherServlet ''
2025-06-21T14:49:56.478+03:00  INFO 8608 --- [    Test worker] o.s.t.web.servlet.TestDispatcherServlet  : Initializing Servlet ''
2025-06-21T14:49:56.487+03:00  INFO 8608 --- [    Test worker] o.s.t.web.servlet.TestDispatcherServlet  : Completed initialization in 0 ms
2025-06-21T14:49:56.532+03:00  INFO 8608 --- [    Test worker] .UnlockControllerWireMockIntegrationTest : Started UnlockControllerWireMockIntegrationTest in 1.587 seconds (process running for 3.235)

MockHttpServletRequest:
      HTTP Method = PUT
      Request URI = /unlock/client/5aa6f0c8-58db-43cf-baa9-d257eb8822b2
       Parameters = {}
          Headers = []
             Body = null
    Session Attrs = {}

Handler:
             Type = org.example.controller.UnlockController
           Method = org.example.controller.UnlockController#unlockClient(String)

Async:
    Async started = false
     Async result = null

Resolved Exception:
             Type = null

ModelAndView:
        View name = null
             View = null
            Model = null

FlashMap:
       Attributes = null

MockHttpServletResponse:
           Status = 200
    Error message = null
          Headers = []
     Content type = null
             Body = 
    Forwarded URL = null
   Redirected URL = null
          Cookies = []

MockHttpServletRequest:
      HTTP Method = PUT
      Request URI = /unlock/account/fc6a9b30-e4f7-4bc7-8ca0-8afbb8591f9e
       Parameters = {}
          Headers = []
             Body = null
    Session Attrs = {}

Handler:
             Type = org.example.controller.UnlockController
           Method = org.example.controller.UnlockController#unlockAccount(String)

Async:
    Async started = false
     Async result = null

Resolved Exception:
             Type = null

ModelAndView:
        View name = null
             View = null
            Model = null

FlashMap:
       Attributes = null

MockHttpServletResponse:
           Status = 200
    Error message = null
          Headers = []
     Content type = null
             Body = 
    Forwarded URL = null
   Redirected URL = null
          Cookies = []

MockHttpServletRequest:
      HTTP Method = PUT
      Request URI = /unlock/client/defd4ef0-5266-402f-8bf4-040b123d3775
       Parameters = {}
          Headers = []
             Body = null
    Session Attrs = {}

Handler:
             Type = org.example.controller.UnlockController
           Method = org.example.controller.UnlockController#unlockClient(String)

Async:
    Async started = false
     Async result = null

Resolved Exception:
             Type = null

ModelAndView:
        View name = null
             View = null
            Model = null

FlashMap:
       Attributes = null

MockHttpServletResponse:
           Status = 200
    Error message = null
          Headers = []
     Content type = null
             Body = 
    Forwarded URL = null
   Redirected URL = null
          Cookies = []
2025-06-21T14:49:57.541+03:00  WARN 8608 --- [ctor-http-nio-2] r.netty.http.client.HttpClientConnect    : [faf89e8b-1, L:/127.0.0.1:62585 ! R:localhost/127.0.0.1:8089] The connection observed an error

reactor.netty.http.client.PrematureCloseException: Connection prematurely closed BEFORE response

2025-06-21T14:49:57.541+03:00  WARN 8608 --- [ctor-http-nio-4] r.netty.http.client.HttpClientConnect    : [613a2c52-1, L:/127.0.0.1:62587 ! R:localhost/127.0.0.1:8089] The connection observed an error

reactor.netty.http.client.PrematureCloseException: Connection prematurely closed BEFORE response

2025-06-21T14:49:57.541+03:00  WARN 8608 --- [ctor-http-nio-3] r.netty.http.client.HttpClientConnect    : [4f55e0f6-1, L:/127.0.0.1:62586 ! R:localhost/127.0.0.1:8089] The connection observed an error

reactor.netty.http.client.PrematureCloseException: Connection prematurely closed BEFORE response

2025-06-21T14:49:57.562+03:00 ERROR 8608 --- [ctor-http-nio-2] o.e.s.u.UnlockClientServiceImpl          : When unlocking client 5aa6f0c8-58db-43cf-baa9-d257eb8822b2 something went wrong! Error message - Connection prematurely closed BEFORE response
2025-06-21T14:49:57.562+03:00 ERROR 8608 --- [ctor-http-nio-3] o.e.s.u.UnlockAccountServiceImpl         : During unlocking account fc6a9b30-e4f7-4bc7-8ca0-8afbb8591f9e something went wrong! Error message - Connection prematurely closed BEFORE response
2025-06-21T14:49:57.562+03:00 ERROR 8608 --- [ctor-http-nio-4] o.e.s.u.UnlockClientServiceImpl          : When unlocking client defd4ef0-5266-402f-8bf4-040b123d3775 something went wrong! Error message - Connection prematurely closed BEFORE response
]]></system-out>
  <system-err><![CDATA[Mockito is currently self-attaching to enable the inline-mock-maker. This will no longer work in future releases of the JDK. Please add Mockito as an agent to your build what is described in Mockito's documentation: https://javadoc.io/doc/org.mockito/mockito-core/latest/org/mockito/Mockito.html#0.3
WARNING: A Java agent has been loaded dynamically (C:\Users\User\.gradle\caches\modules-2\files-2.1\net.bytebuddy\byte-buddy-agent\1.15.11\a38b16385e867f59a641330f0362ebe742788ed8\byte-buddy-agent-1.15.11.jar)
WARNING: If a serviceability tool is in use, please run with -XX:+EnableDynamicAgentLoading to hide this warning
WARNING: If a serviceability tool is not in use, please run with -Djdk.instrument.traceUsage for more information
WARNING: Dynamic loading of agents will be disallowed by default in a future release
]]></system-err>
</testsuite>
